<?xml version="1.0" encoding="UTF-8"?>
<testng-results skipped="0" failed="1" ignored="0" total="1" passed="0">
  <reporter-output>
  </reporter-output>
  <suite name="Default suite" duration-ms="112" started-at="2022-02-13T07:03:48Z" finished-at="2022-02-13T07:03:48Z">
    <groups>
    </groups>
    <test name="Default test" duration-ms="112" started-at="2022-02-13T07:03:48Z" finished-at="2022-02-13T07:03:48Z">
      <class name="com.jbk.WaitEx">
        <test-method status="FAIL" signature="test01()[pri:0, instance:com.jbk.WaitEx@7f9a81e8]" name="test01" duration-ms="68" started-at="2022-02-13T12:33:48Z" finished-at="2022-02-13T12:33:48Z">
          <exception class="java.lang.IllegalStateException">
            <message>
              <![CDATA[The driver executable does not exist: D:\chromedriver.exe]]>
            </message>
            <full-stacktrace>
              <![CDATA[java.lang.IllegalStateException: The driver executable does not exist: D:\chromedriver.exeat com.google.common.base.Preconditions.checkState(Preconditions.java:585)at org.openqa.selenium.remote.service.DriverService.checkExecutable(DriverService.java:146)at org.openqa.selenium.remote.service.DriverService.findExecutable(DriverService.java:141)at org.openqa.selenium.chrome.ChromeDriverService.access$000(ChromeDriverService.java:35)at org.openqa.selenium.chrome.ChromeDriverService$Builder.findDefaultExecutable(ChromeDriverService.java:159)at org.openqa.selenium.remote.service.DriverService$Builder.build(DriverService.java:355)at org.openqa.selenium.chrome.ChromeDriverService.createDefaultService(ChromeDriverService.java:94)at org.openqa.selenium.chrome.ChromeDriver.<init>(ChromeDriver.java:123)at com.jbk.WaitEx.test01(WaitEx.java:24)at sun.reflect.NativeMethodAccessorImpl.invoke0(Native Method)at sun.reflect.NativeMethodAccessorImpl.invoke(Unknown Source)at sun.reflect.DelegatingMethodAccessorImpl.invoke(Unknown Source)at java.lang.reflect.Method.invoke(Unknown Source)at org.testng.internal.MethodInvocationHelper.invokeMethod(MethodInvocationHelper.java:124)at org.testng.internal.Invoker.invokeMethod(Invoker.java:571)at org.testng.internal.Invoker.invokeTestMethod(Invoker.java:707)at org.testng.internal.Invoker.invokeTestMethods(Invoker.java:979)at org.testng.internal.TestMethodWorker.invokeTestMethods(TestMethodWorker.java:125)at org.testng.internal.TestMethodWorker.run(TestMethodWorker.java:109)at org.testng.TestRunner.privateRun(TestRunner.java:648)at org.testng.TestRunner.run(TestRunner.java:505)at org.testng.SuiteRunner.runTest(SuiteRunner.java:455)at org.testng.SuiteRunner.runSequentially(SuiteRunner.java:450)at org.testng.SuiteRunner.privateRun(SuiteRunner.java:415)at org.testng.SuiteRunner.run(SuiteRunner.java:364)at org.testng.SuiteRunnerWorker.runSuite(SuiteRunnerWorker.java:52)at org.testng.SuiteRunnerWorker.run(SuiteRunnerWorker.java:84)at org.testng.TestNG.runSuitesSequentially(TestNG.java:1187)at org.testng.TestNG.runSuitesLocally(TestNG.java:1116)at org.testng.TestNG.runSuites(TestNG.java:1028)at org.testng.TestNG.run(TestNG.java:996)at org.testng.remote.AbstractRemoteTestNG.run(AbstractRemoteTestNG.java:114)at org.testng.remote.RemoteTestNG.initAndRun(RemoteTestNG.java:251)at org.testng.remote.RemoteTestNG.main(RemoteTestNG.java:77)]]>
            </full-stacktrace>
          </exception> <!-- java.lang.IllegalStateException -->
          <reporter-output>
          </reporter-output>
        </test-method> <!-- test01 -->
      </class> <!-- com.jbk.WaitEx -->
    </test> <!-- Default test -->
  </suite> <!-- Default suite -->
</testng-results>
